-outxml
-source
1.6
-target
1.6
-classpath
C:\Users\wmonterrey\.m2\repository\org\springframework\spring-context\3.2.10.RELEASE\spring-context-3.2.10.RELEASE.jar;C:\Users\wmonterrey\.m2\repository\org\springframework\spring-webmvc\3.2.10.RELEASE\spring-webmvc-3.2.10.RELEASE.jar;C:\Users\wmonterrey\.m2\repository\org\springframework\spring-jdbc\3.2.10.RELEASE\spring-jdbc-3.2.10.RELEASE.jar;C:\Users\wmonterrey\.m2\repository\org\springframework\spring-orm\3.2.10.RELEASE\spring-orm-3.2.10.RELEASE.jar;C:\Users\wmonterrey\.m2\repository\org\springframework\security\spring-security-web\3.2.4.RELEASE\spring-security-web-3.2.4.RELEASE.jar;C:\Users\wmonterrey\.m2\repository\org\springframework\security\spring-security-config\3.2.4.RELEASE\spring-security-config-3.2.4.RELEASE.jar;C:\Users\wmonterrey\.m2\repository\org\springframework\security\spring-security-taglibs\3.2.4.RELEASE\spring-security-taglibs-3.2.4.RELEASE.jar;C:\Users\wmonterrey\.m2\repository\org\aspectj\aspectjrt\1.6.10\aspectjrt-1.6.10.jar;C:\Users\wmonterrey\.m2\repository\org\slf4j\slf4j-api\1.6.1\slf4j-api-1.6.1.jar;C:\Users\wmonterrey\.m2\repository\org\slf4j\jcl-over-slf4j\1.6.1\jcl-over-slf4j-1.6.1.jar;C:\Users\wmonterrey\.m2\repository\org\slf4j\slf4j-log4j12\1.6.1\slf4j-log4j12-1.6.1.jar;C:\Users\wmonterrey\.m2\repository\log4j\log4j\1.2.16\log4j-1.2.16.jar;C:\Users\wmonterrey\.m2\repository\javax\inject\javax.inject\1\javax.inject-1.jar;C:\Users\wmonterrey\.m2\repository\org\codehaus\jackson\jackson-mapper-asl\1.9.7\jackson-mapper-asl-1.9.7.jar;C:\Users\wmonterrey\.m2\repository\com\google\code\gson\gson\2.3\gson-2.3.jar;C:\Users\wmonterrey\.m2\repository\javax\xml\bind\jaxb-api\2.2.2\jaxb-api-2.2.2.jar;C:\Users\wmonterrey\.m2\repository\javax\servlet\servlet-api\2.5\servlet-api-2.5.jar;C:\Users\wmonterrey\.m2\repository\javax\servlet\jsp\jsp-api\2.1\jsp-api-2.1.jar;C:\Users\wmonterrey\.m2\repository\javax\servlet\jstl\1.2\jstl-1.2.jar;C:\Users\wmonterrey\.m2\repository\commons-fileupload\commons-fileupload\1.2.2\commons-fileupload-1.2.2.jar;C:\Users\wmonterrey\.m2\repository\commons-io\commons-io\1.4\commons-io-1.4.jar;C:\Users\wmonterrey\.m2\repository\junit\junit\4.7\junit-4.7.jar;C:\Users\wmonterrey\.m2\repository\mysql\mysql-connector-java\5.1.9\mysql-connector-java-5.1.9.jar;C:\Users\wmonterrey\.m2\repository\org\hibernate\hibernate-core\3.6.4.Final\hibernate-core-3.6.4.Final.jar;C:\Users\wmonterrey\.m2\repository\org\hibernate\hibernate-c3p0\4.1.2\hibernate-c3p0-4.1.2.jar;C:\Users\wmonterrey\.m2\repository\org\hibernate\hibernate-validator\4.3.0.Final\hibernate-validator-4.3.0.Final.jar;C:\Users\wmonterrey\.m2\repository\org\hibernate\hibernate-search-orm\4.5.1.Final\hibernate-search-orm-4.5.1.Final.jar;C:\Users\wmonterrey\.m2\repository\jboss\javassist\3.7.ga\javassist-3.7.ga.jar;C:\Users\wmonterrey\.m2\repository\cglib\cglib-nodep\2.2\cglib-nodep-2.2.jar;C:\Users\wmonterrey\.m2\repository\joda-time\joda-time\1.6\joda-time-1.6.jar;C:\Users\wmonterrey\.m2\repository\joda-time\joda-time-hibernate\1.3\joda-time-hibernate-1.3.jar;C:\Users\wmonterrey\.m2\repository\org\jadira\usertype\usertype.jodatime\1.8\usertype.jodatime-1.8.jar;C:\Users\wmonterrey\.m2\repository\org\apache\commons\commons-lang3\3.3.2\commons-lang3-3.3.2.jar;C:\Users\wmonterrey\.m2\repository\org\springframework\spring-aop\3.2.10.RELEASE\spring-aop-3.2.10.RELEASE.jar;C:\Users\wmonterrey\.m2\repository\org\springframework\spring-beans\3.2.10.RELEASE\spring-beans-3.2.10.RELEASE.jar;C:\Users\wmonterrey\.m2\repository\org\springframework\spring-core\3.2.10.RELEASE\spring-core-3.2.10.RELEASE.jar;C:\Users\wmonterrey\.m2\repository\org\springframework\spring-expression\3.2.10.RELEASE\spring-expression-3.2.10.RELEASE.jar;C:\Users\wmonterrey\.m2\repository\org\springframework\spring-web\3.2.10.RELEASE\spring-web-3.2.10.RELEASE.jar;C:\Users\wmonterrey\.m2\repository\org\springframework\spring-tx\3.2.10.RELEASE\spring-tx-3.2.10.RELEASE.jar;C:\Users\wmonterrey\.m2\repository\aopalliance\aopalliance\1.0\aopalliance-1.0.jar;C:\Users\wmonterrey\.m2\repository\org\springframework\security\spring-security-core\3.2.4.RELEASE\spring-security-core-3.2.4.RELEASE.jar;C:\Users\wmonterrey\.m2\repository\org\springframework\security\spring-security-acl\3.2.4.RELEASE\spring-security-acl-3.2.4.RELEASE.jar;C:\Users\wmonterrey\.m2\repository\org\codehaus\jackson\jackson-core-asl\1.9.7\jackson-core-asl-1.9.7.jar;C:\Users\wmonterrey\.m2\repository\javax\xml\stream\stax-api\1.0-2\stax-api-1.0-2.jar;C:\Users\wmonterrey\.m2\repository\javax\activation\activation\1.1\activation-1.1.jar;C:\Users\wmonterrey\.m2\repository\antlr\antlr\2.7.6\antlr-2.7.6.jar;C:\Users\wmonterrey\.m2\repository\commons-collections\commons-collections\3.1\commons-collections-3.1.jar;C:\Users\wmonterrey\.m2\repository\dom4j\dom4j\1.6.1\dom4j-1.6.1.jar;C:\Users\wmonterrey\.m2\repository\org\hibernate\hibernate-commons-annotations\3.2.0.Final\hibernate-commons-annotations-3.2.0.Final.jar;C:\Users\wmonterrey\.m2\repository\org\hibernate\javax\persistence\hibernate-jpa-2.0-api\1.0.0.Final\hibernate-jpa-2.0-api-1.0.0.Final.jar;C:\Users\wmonterrey\.m2\repository\javax\transaction\jta\1.1\jta-1.1.jar;C:\Users\wmonterrey\.m2\repository\org\jboss\logging\jboss-logging\3.1.0.GA\jboss-logging-3.1.0.GA.jar;C:\Users\wmonterrey\.m2\repository\c3p0\c3p0\0.9.1\c3p0-0.9.1.jar;C:\Users\wmonterrey\.m2\repository\javax\validation\validation-api\1.0.0.GA\validation-api-1.0.0.GA.jar;C:\Users\wmonterrey\.m2\repository\org\hibernate\hibernate-search-engine\4.5.1.Final\hibernate-search-engine-4.5.1.Final.jar;C:\Users\wmonterrey\.m2\repository\org\hibernate\common\hibernate-commons-annotations\4.0.4.Final\hibernate-commons-annotations-4.0.4.Final.jar;C:\Users\wmonterrey\.m2\repository\org\jboss\logging\jboss-logging-annotations\1.2.0.Beta1\jboss-logging-annotations-1.2.0.Beta1.jar;C:\Users\wmonterrey\.m2\repository\org\apache\lucene\lucene-core\3.6.2\lucene-core-3.6.2.jar;C:\Users\wmonterrey\.m2\repository\org\apache\avro\avro\1.7.6\avro-1.7.6.jar;C:\Users\wmonterrey\.m2\repository\com\thoughtworks\paranamer\paranamer\2.3\paranamer-2.3.jar;C:\Users\wmonterrey\.m2\repository\org\apache\commons\commons-compress\1.4.1\commons-compress-1.4.1.jar;C:\Users\wmonterrey\.m2\repository\org\apache\lucene\lucene-facet\3.6.2\lucene-facet-3.6.2.jar;C:\Users\wmonterrey\.m2\repository\org\hibernate\hibernate-search-analyzers\4.5.1.Final\hibernate-search-analyzers-4.5.1.Final.jar;C:\Users\wmonterrey\.m2\repository\org\apache\lucene\lucene-analyzers\3.6.2\lucene-analyzers-3.6.2.jar;C:\Users\wmonterrey\.m2\repository\org\apache\solr\solr-analysis-extras\3.6.2\solr-analysis-extras-3.6.2.jar;C:\Users\wmonterrey\.m2\repository\org\apache\solr\solr-core\3.6.2\solr-core-3.6.2.jar;C:\Users\wmonterrey\.m2\repository\org\apache\solr\solr-solrj\3.6.2\solr-solrj-3.6.2.jar;C:\Users\wmonterrey\.m2\repository\org\apache\lucene\lucene-highlighter\3.6.2\lucene-highlighter-3.6.2.jar;C:\Users\wmonterrey\.m2\repository\org\apache\lucene\lucene-kuromoji\3.6.2\lucene-kuromoji-3.6.2.jar;C:\Users\wmonterrey\.m2\repository\org\apache\lucene\lucene-memory\3.6.2\lucene-memory-3.6.2.jar;C:\Users\wmonterrey\.m2\repository\org\apache\lucene\lucene-misc\3.6.2\lucene-misc-3.6.2.jar;C:\Users\wmonterrey\.m2\repository\org\apache\lucene\lucene-phonetic\3.6.2\lucene-phonetic-3.6.2.jar;C:\Users\wmonterrey\.m2\repository\org\apache\lucene\lucene-spatial\3.6.2\lucene-spatial-3.6.2.jar;C:\Users\wmonterrey\.m2\repository\org\apache\lucene\lucene-spellchecker\3.6.2\lucene-spellchecker-3.6.2.jar;C:\Users\wmonterrey\.m2\repository\org\apache\lucene\lucene-grouping\3.6.2\lucene-grouping-3.6.2.jar;C:\Users\wmonterrey\.m2\repository\commons-codec\commons-codec\1.6\commons-codec-1.6.jar;C:\Users\wmonterrey\.m2\repository\commons-lang\commons-lang\2.6\commons-lang-2.6.jar;C:\Users\wmonterrey\.m2\repository\org\apache\lucene\lucene-smartcn\3.6.2\lucene-smartcn-3.6.2.jar;C:\Users\wmonterrey\.m2\repository\org\apache\lucene\lucene-stempel\3.6.2\lucene-stempel-3.6.2.jar;C:\Users\wmonterrey\.m2\repository\org\jadira\usertype\usertype.spi\1.8\usertype.spi-1.8.jar;D:\workspace\ihresults\target\classes
-d
D:\workspace\ihresults\target\classes
D:\workspace\ihresults\src\main\java\ni\org\ics\umich\hai\auth\config\ComponentConfig.java
D:\workspace\ihresults\src\main\java\ni\org\ics\umich\hai\auth\config\SecurityConfig.java
D:\workspace\ihresults\src\main\java\ni\org\ics\umich\hai\auth\config\WebConfig.java
D:\workspace\ihresults\src\main\java\ni\org\ics\umich\hai\domain\audit\Auditable.java
D:\workspace\ihresults\src\main\java\ni\org\ics\umich\hai\domain\audit\AuditTrail.java
D:\workspace\ihresults\src\main\java\ni\org\ics\umich\hai\domain\BaseMetaData.java
D:\workspace\ihresults\src\main\java\ni\org\ics\umich\hai\HomeController.java
D:\workspace\ihresults\src\main\java\ni\org\ics\umich\hai\language\DatabaseDrivenMessageSource.java
D:\workspace\ihresults\src\main\java\ni\org\ics\umich\hai\language\DataBaseDrivenMessageSourceBase.java
D:\workspace\ihresults\src\main\java\ni\org\ics\umich\hai\language\MessageResource.java
D:\workspace\ihresults\src\main\java\ni\org\ics\umich\hai\service\AuditTrailService.java
D:\workspace\ihresults\src\main\java\ni\org\ics\umich\hai\service\MessageResourceService.java
D:\workspace\ihresults\src\main\java\ni\org\ics\umich\hai\service\UsuarioService.java
D:\workspace\ihresults\src\main\java\ni\org\ics\umich\hai\users\dao\UserDetailsDao.java
D:\workspace\ihresults\src\main\java\ni\org\ics\umich\hai\users\dao\UserDetailsDaoImpl.java
D:\workspace\ihresults\src\main\java\ni\org\ics\umich\hai\users\model\Authority.java
D:\workspace\ihresults\src\main\java\ni\org\ics\umich\hai\users\model\AuthorityId.java
D:\workspace\ihresults\src\main\java\ni\org\ics\umich\hai\users\model\Rol.java
D:\workspace\ihresults\src\main\java\ni\org\ics\umich\hai\users\model\UserAccess.java
D:\workspace\ihresults\src\main\java\ni\org\ics\umich\hai\users\model\UserAttempts.java
D:\workspace\ihresults\src\main\java\ni\org\ics\umich\hai\users\model\UserSistema.java
D:\workspace\ihresults\src\main\java\ni\org\ics\umich\hai\users\service\CustomUserDetailsService.java
D:\workspace\ihresults\src\main\java\ni\org\ics\umich\hai\web\controller\AdminUsuariosController.java
D:\workspace\ihresults\src\main\java\ni\org\ics\umich\hai\web\controller\UsuariosController.java
D:\workspace\ihresults\src\main\java\ni\org\ics\umich\hai\web\handler\CustomLogoutSuccessHandler.java
D:\workspace\ihresults\src\main\java\ni\org\ics\umich\hai\web\handler\LoginAuthenticationProvider.java
D:\workspace\ihresults\src\main\java\ni\org\ics\umich\hai\web\listener\AuthenticationListener.java
D:\workspace\ihresults\src\main\java\ni\org\ics\umich\hai\web\listener\HibernateAuditLogListener.java
D:\workspace\ihresults\src\main\java\ni\org\ics\umich\hai\web\listener\SessionDestroyListener.java
